<?xml version="1.0" encoding="UTF-8"?>
<testsuite name="SortingTest" tests="2" skipped="0" failures="0" errors="0" timestamp="2020-02-23T04:11:20" hostname="DELC02VG0X1G8WN.sea.corp.expecn.com" time="0.015">
  <properties/>
  <testcase name="testMergeSort()" classname="SortingTest" time="0.013"/>
  <testcase name="testQuickSort()" classname="SortingTest" time="0.001"/>
  <system-out><![CDATA[]]></system-out>
  <system-err><![CDATA[]]></system-err>
</testsuite>
